(0.248) SELECT "characteristic"."id", "characteristic"."name", "characteristic"."type_id", "characteristic"."alternates", "characteristic"."additional_info", "characteristic"."createdate", "characteristic"."lastmodified" FROM "characteristic" ORDER BY "characteristic"."name" ASC, "characteristic"."id" DESC LIMIT 50 OFFSET 150; args=()
(0.245) SELECT "django_session"."session_key", "django_session"."session_data", "django_session"."expire_date" FROM "django_session" WHERE ("django_session"."expire_date" > '2018-07-06T06:40:40.720544+00:00'::timestamptz AND "django_session"."session_key" = 'hxibh31i6ju4c2cqalso7o2ugenrmstu'); args=(datetime.datetime(2018, 7, 6, 6, 40, 40, 720544, tzinfo=<UTC>), 'hxibh31i6ju4c2cqalso7o2ugenrmstu')
(0.247) SELECT "characteristic"."id", "characteristic"."name", "characteristic"."type_id", "characteristic"."alternates", "characteristic"."additional_info", "characteristic"."createdate", "characteristic"."lastmodified" FROM "characteristic" ORDER BY "characteristic"."name" ASC, "characteristic"."id" DESC LIMIT 50 OFFSET 200; args=()
(0.245) SELECT "django_session"."session_key", "django_session"."session_data", "django_session"."expire_date" FROM "django_session" WHERE ("django_session"."expire_date" > '2018-07-06T06:40:49.261044+00:00'::timestamptz AND "django_session"."session_key" = 'hxibh31i6ju4c2cqalso7o2ugenrmstu'); args=(datetime.datetime(2018, 7, 6, 6, 40, 49, 261044, tzinfo=<UTC>), 'hxibh31i6ju4c2cqalso7o2ugenrmstu')
(0.247) SELECT "characteristic"."id", "characteristic"."name", "characteristic"."type_id", "characteristic"."alternates", "characteristic"."additional_info", "characteristic"."createdate", "characteristic"."lastmodified" FROM "characteristic" ORDER BY "characteristic"."name" ASC, "characteristic"."id" DESC LIMIT 50 OFFSET 250; args=()
(0.242) SELECT "django_session"."session_key", "django_session"."session_data", "django_session"."expire_date" FROM "django_session" WHERE ("django_session"."expire_date" > '2018-07-06T06:40:58.850070+00:00'::timestamptz AND "django_session"."session_key" = 'hxibh31i6ju4c2cqalso7o2ugenrmstu'); args=(datetime.datetime(2018, 7, 6, 6, 40, 58, 850070, tzinfo=<UTC>), 'hxibh31i6ju4c2cqalso7o2ugenrmstu')
(0.244) SELECT "characteristic"."id", "characteristic"."name", "characteristic"."type_id", "characteristic"."alternates", "characteristic"."additional_info", "characteristic"."createdate", "characteristic"."lastmodified" FROM "characteristic" ORDER BY "characteristic"."name" ASC, "characteristic"."id" DESC LIMIT 50 OFFSET 300; args=()
(0.213) SELECT "django_session"."session_key", "django_session"."session_data", "django_session"."expire_date" FROM "django_session" WHERE ("django_session"."expire_date" > '2018-07-06T06:41:10.142419+00:00'::timestamptz AND "django_session"."session_key" = 'hxibh31i6ju4c2cqalso7o2ugenrmstu'); args=(datetime.datetime(2018, 7, 6, 6, 41, 10, 142419, tzinfo=<UTC>), 'hxibh31i6ju4c2cqalso7o2ugenrmstu')
(0.214) SELECT "characteristic"."id", "characteristic"."name", "characteristic"."type_id", "characteristic"."alternates", "characteristic"."additional_info", "characteristic"."createdate", "characteristic"."lastmodified" FROM "characteristic" ORDER BY "characteristic"."name" ASC, "characteristic"."id" DESC LIMIT 50 OFFSET 350; args=()
(0.211) SELECT "characteristic_type"."id", "characteristic_type"."name", "characteristic_type"."createdate", "characteristic_type"."lastmodified" FROM "characteristic_type" WHERE "characteristic_type"."id" = 22; args=(22,)
(0.213) 
            SELECT c.relname, c.relkind
            FROM pg_catalog.pg_class c
            LEFT JOIN pg_catalog.pg_namespace n ON n.oid = c.relnamespace
            WHERE c.relkind IN ('r', 'v')
                AND n.nspname NOT IN ('pg_catalog', 'pg_toast')
                AND pg_catalog.pg_table_is_visible(c.oid); args=None
(0.212) SELECT "django_migrations"."app", "django_migrations"."name" FROM "django_migrations"; args=()
(0.213) SELECT "django_session"."session_key", "django_session"."session_data", "django_session"."expire_date" FROM "django_session" WHERE ("django_session"."expire_date" > '2018-07-06T06:41:54.752261+00:00'::timestamptz AND "django_session"."session_key" = 'hxibh31i6ju4c2cqalso7o2ugenrmstu'); args=(datetime.datetime(2018, 7, 6, 6, 41, 54, 752261, tzinfo=<UTC>), 'hxibh31i6ju4c2cqalso7o2ugenrmstu')
(0.212) SELECT "auth_user"."id", "auth_user"."password", "auth_user"."last_login", "auth_user"."is_superuser", "auth_user"."username", "auth_user"."first_name", "auth_user"."last_name", "auth_user"."email", "auth_user"."is_staff", "auth_user"."is_active", "auth_user"."date_joined" FROM "auth_user" WHERE "auth_user"."id" = 1; args=(1,)
(0.211) SELECT "characteristic_type"."id", "characteristic_type"."name", "characteristic_type"."createdate", "characteristic_type"."lastmodified" FROM "characteristic_type" ORDER BY "characteristic_type"."name" ASC; args=()
(0.211) SELECT COUNT(*) AS "__count" FROM "characteristic"; args=()
(0.213) SELECT "characteristic"."id", "characteristic"."name", "characteristic"."type_id", "characteristic"."alternates", "characteristic"."additional_info", "characteristic"."createdate", "characteristic"."lastmodified" FROM "characteristic" ORDER BY "characteristic"."name" ASC, "characteristic"."id" DESC LIMIT 50 OFFSET 350; args=()
(0.210) SELECT "characteristic_type"."id", "characteristic_type"."name", "characteristic_type"."createdate", "characteristic_type"."lastmodified" FROM "characteristic_type" WHERE "characteristic_type"."id" = 15; args=(15,)
(0.210) SELECT "characteristic_type"."id", "characteristic_type"."name", "characteristic_type"."createdate", "characteristic_type"."lastmodified" FROM "characteristic_type" WHERE "characteristic_type"."id" = 13; args=(13,)
(0.210) SELECT "characteristic_type"."id", "characteristic_type"."name", "characteristic_type"."createdate", "characteristic_type"."lastmodified" FROM "characteristic_type" WHERE "characteristic_type"."id" = 18; args=(18,)
(0.210) SELECT "characteristic_type"."id", "characteristic_type"."name", "characteristic_type"."createdate", "characteristic_type"."lastmodified" FROM "characteristic_type" WHERE "characteristic_type"."id" = 10; args=(10,)
(0.211) SELECT "characteristic_type"."id", "characteristic_type"."name", "characteristic_type"."createdate", "characteristic_type"."lastmodified" FROM "characteristic_type" WHERE "characteristic_type"."id" = 9; args=(9,)
(0.210) SELECT "characteristic_type"."id", "characteristic_type"."name", "characteristic_type"."createdate", "characteristic_type"."lastmodified" FROM "characteristic_type" WHERE "characteristic_type"."id" = 17; args=(17,)
(0.211) SELECT "characteristic_type"."id", "characteristic_type"."name", "characteristic_type"."createdate", "characteristic_type"."lastmodified" FROM "characteristic_type" WHERE "characteristic_type"."id" = 7; args=(7,)
(0.210) SELECT "characteristic_type"."id", "characteristic_type"."name", "characteristic_type"."createdate", "characteristic_type"."lastmodified" FROM "characteristic_type" WHERE "characteristic_type"."id" = 16; args=(16,)
(0.211) SELECT "characteristic_type"."id", "characteristic_type"."name", "characteristic_type"."createdate", "characteristic_type"."lastmodified" FROM "characteristic_type" WHERE "characteristic_type"."id" = 2; args=(2,)
(0.210) SELECT "characteristic_type"."id", "characteristic_type"."name", "characteristic_type"."createdate", "characteristic_type"."lastmodified" FROM "characteristic_type" WHERE "characteristic_type"."id" = 8; args=(8,)
(0.211) SELECT "characteristic_type"."id", "characteristic_type"."name", "characteristic_type"."createdate", "characteristic_type"."lastmodified" FROM "characteristic_type" WHERE "characteristic_type"."id" = 14; args=(14,)
(0.211) SELECT "characteristic_type"."id", "characteristic_type"."name", "characteristic_type"."createdate", "characteristic_type"."lastmodified" FROM "characteristic_type" WHERE "characteristic_type"."id" = 22; args=(22,)
(0.210) SELECT "characteristic_type"."id", "characteristic_type"."name", "characteristic_type"."createdate", "characteristic_type"."lastmodified" FROM "characteristic_type" WHERE "characteristic_type"."id" = 3; args=(3,)
(0.210) SELECT "characteristic_type"."id", "characteristic_type"."name", "characteristic_type"."createdate", "characteristic_type"."lastmodified" FROM "characteristic_type" WHERE "characteristic_type"."id" = 6; args=(6,)
(0.210) SELECT "characteristic_type"."id", "characteristic_type"."name", "characteristic_type"."createdate", "characteristic_type"."lastmodified" FROM "characteristic_type" WHERE "characteristic_type"."id" = 20; args=(20,)
(0.210) SELECT "characteristic_type"."id", "characteristic_type"."name", "characteristic_type"."createdate", "characteristic_type"."lastmodified" FROM "characteristic_type" WHERE "characteristic_type"."id" = 4; args=(4,)
(0.212) SELECT "django_session"."session_key", "django_session"."session_data", "django_session"."expire_date" FROM "django_session" WHERE ("django_session"."expire_date" > '2018-07-06T06:42:26.781851+00:00'::timestamptz AND "django_session"."session_key" = 'hxibh31i6ju4c2cqalso7o2ugenrmstu'); args=(datetime.datetime(2018, 7, 6, 6, 42, 26, 781851, tzinfo=<UTC>), 'hxibh31i6ju4c2cqalso7o2ugenrmstu')
(0.214) SELECT "characteristic"."id", "characteristic"."name", "characteristic"."type_id", "characteristic"."alternates", "characteristic"."additional_info", "characteristic"."createdate", "characteristic"."lastmodified" FROM "characteristic" ORDER BY "characteristic"."name" ASC, "characteristic"."id" DESC LIMIT 50 OFFSET 400; args=()
(0.212) SELECT "characteristic_type"."id", "characteristic_type"."name", "characteristic_type"."createdate", "characteristic_type"."lastmodified" FROM "characteristic_type" WHERE "characteristic_type"."id" = 5; args=(5,)
(0.210) SELECT "characteristic_type"."id", "characteristic_type"."name", "characteristic_type"."createdate", "characteristic_type"."lastmodified" FROM "characteristic_type" WHERE "characteristic_type"."id" = 11; args=(11,)
(0.210) SELECT "characteristic_type"."id", "characteristic_type"."name", "characteristic_type"."createdate", "characteristic_type"."lastmodified" FROM "characteristic_type" WHERE "characteristic_type"."id" = 12; args=(12,)
(0.214) SELECT "django_session"."session_key", "django_session"."session_data", "django_session"."expire_date" FROM "django_session" WHERE ("django_session"."expire_date" > '2018-07-06T06:45:23.467763+00:00'::timestamptz AND "django_session"."session_key" = 'hxibh31i6ju4c2cqalso7o2ugenrmstu'); args=(datetime.datetime(2018, 7, 6, 6, 45, 23, 467763, tzinfo=<UTC>), 'hxibh31i6ju4c2cqalso7o2ugenrmstu')
(0.216) SELECT "characteristic"."id", "characteristic"."name", "characteristic"."type_id", "characteristic"."alternates", "characteristic"."additional_info", "characteristic"."createdate", "characteristic"."lastmodified" FROM "characteristic" ORDER BY "characteristic"."name" ASC, "characteristic"."id" DESC LIMIT 50 OFFSET 450; args=()
(0.212) SELECT "django_session"."session_key", "django_session"."session_data", "django_session"."expire_date" FROM "django_session" WHERE ("django_session"."expire_date" > '2018-07-06T06:45:30.824296+00:00'::timestamptz AND "django_session"."session_key" = 'hxibh31i6ju4c2cqalso7o2ugenrmstu'); args=(datetime.datetime(2018, 7, 6, 6, 45, 30, 824296, tzinfo=<UTC>), 'hxibh31i6ju4c2cqalso7o2ugenrmstu')
(0.215) SELECT "characteristic"."id", "characteristic"."name", "characteristic"."type_id", "characteristic"."alternates", "characteristic"."additional_info", "characteristic"."createdate", "characteristic"."lastmodified" FROM "characteristic" ORDER BY "characteristic"."name" ASC, "characteristic"."id" DESC LIMIT 50 OFFSET 500; args=()
(0.214) SELECT "django_session"."session_key", "django_session"."session_data", "django_session"."expire_date" FROM "django_session" WHERE ("django_session"."expire_date" > '2018-07-06T06:45:38.240217+00:00'::timestamptz AND "django_session"."session_key" = 'hxibh31i6ju4c2cqalso7o2ugenrmstu'); args=(datetime.datetime(2018, 7, 6, 6, 45, 38, 240217, tzinfo=<UTC>), 'hxibh31i6ju4c2cqalso7o2ugenrmstu')
(0.215) SELECT "characteristic"."id", "characteristic"."name", "characteristic"."type_id", "characteristic"."alternates", "characteristic"."additional_info", "characteristic"."createdate", "characteristic"."lastmodified" FROM "characteristic" ORDER BY "characteristic"."name" ASC, "characteristic"."id" DESC LIMIT 50 OFFSET 550; args=()
(0.213) SELECT "characteristic_type"."id", "characteristic_type"."name", "characteristic_type"."createdate", "characteristic_type"."lastmodified" FROM "characteristic_type" WHERE "characteristic_type"."id" = 19; args=(19,)
(0.213) SELECT "django_session"."session_key", "django_session"."session_data", "django_session"."expire_date" FROM "django_session" WHERE ("django_session"."expire_date" > '2018-07-06T06:45:57.439860+00:00'::timestamptz AND "django_session"."session_key" = 'hxibh31i6ju4c2cqalso7o2ugenrmstu'); args=(datetime.datetime(2018, 7, 6, 6, 45, 57, 439860, tzinfo=<UTC>), 'hxibh31i6ju4c2cqalso7o2ugenrmstu')
(0.213) SELECT "characteristic"."id", "characteristic"."name", "characteristic"."type_id", "characteristic"."alternates", "characteristic"."additional_info", "characteristic"."createdate", "characteristic"."lastmodified" FROM "characteristic" ORDER BY "characteristic"."name" ASC, "characteristic"."id" DESC LIMIT 28 OFFSET 600; args=()
(0.283) SELECT "django_session"."session_key", "django_session"."session_data", "django_session"."expire_date" FROM "django_session" WHERE ("django_session"."expire_date" > '2018-07-06T07:43:12.419111+00:00'::timestamptz AND "django_session"."session_key" = 'hxibh31i6ju4c2cqalso7o2ugenrmstu'); args=(datetime.datetime(2018, 7, 6, 7, 43, 12, 419111, tzinfo=<UTC>), 'hxibh31i6ju4c2cqalso7o2ugenrmstu')
(0.212) SELECT "characteristic"."id", "characteristic"."name", "characteristic"."type_id", "characteristic"."alternates", "characteristic"."additional_info", "characteristic"."createdate", "characteristic"."lastmodified" FROM "characteristic" ORDER BY "characteristic"."name" ASC, "characteristic"."id" DESC LIMIT 50 OFFSET 50; args=()
(0.212) SELECT "django_session"."session_key", "django_session"."session_data", "django_session"."expire_date" FROM "django_session" WHERE ("django_session"."expire_date" > '2018-07-06T07:43:17.994558+00:00'::timestamptz AND "django_session"."session_key" = 'hxibh31i6ju4c2cqalso7o2ugenrmstu'); args=(datetime.datetime(2018, 7, 6, 7, 43, 17, 994558, tzinfo=<UTC>), 'hxibh31i6ju4c2cqalso7o2ugenrmstu')
(0.212) SELECT "django_session"."session_key", "django_session"."session_data", "django_session"."expire_date" FROM "django_session" WHERE ("django_session"."expire_date" > '2018-07-06T07:43:37.656996+00:00'::timestamptz AND "django_session"."session_key" = 'hxibh31i6ju4c2cqalso7o2ugenrmstu'); args=(datetime.datetime(2018, 7, 6, 7, 43, 37, 656996, tzinfo=<UTC>), 'hxibh31i6ju4c2cqalso7o2ugenrmstu')
(0.234) SELECT "characteristic"."id", "characteristic"."name", "characteristic"."type_id", "characteristic"."alternates", "characteristic"."additional_info", "characteristic"."createdate", "characteristic"."lastmodified" FROM "characteristic" ORDER BY "characteristic"."name" ASC, "characteristic"."id" DESC LIMIT 50 OFFSET 200; args=()
(0.211) SELECT "django_session"."session_key", "django_session"."session_data", "django_session"."expire_date" FROM "django_session" WHERE ("django_session"."expire_date" > '2018-07-06T07:43:46.171095+00:00'::timestamptz AND "django_session"."session_key" = 'hxibh31i6ju4c2cqalso7o2ugenrmstu'); args=(datetime.datetime(2018, 7, 6, 7, 43, 46, 171095, tzinfo=<UTC>), 'hxibh31i6ju4c2cqalso7o2ugenrmstu')
(0.213) SELECT "characteristic"."id", "characteristic"."name", "characteristic"."type_id", "characteristic"."alternates", "characteristic"."additional_info", "characteristic"."createdate", "characteristic"."lastmodified" FROM "characteristic" ORDER BY "characteristic"."name" ASC, "characteristic"."id" DESC LIMIT 50 OFFSET 250; args=()
(0.213) SELECT "django_session"."session_key", "django_session"."session_data", "django_session"."expire_date" FROM "django_session" WHERE ("django_session"."expire_date" > '2018-07-06T07:43:53.366844+00:00'::timestamptz AND "django_session"."session_key" = 'hxibh31i6ju4c2cqalso7o2ugenrmstu'); args=(datetime.datetime(2018, 7, 6, 7, 43, 53, 366844, tzinfo=<UTC>), 'hxibh31i6ju4c2cqalso7o2ugenrmstu')
(0.210) 
            SELECT c.relname, c.relkind
            FROM pg_catalog.pg_class c
            LEFT JOIN pg_catalog.pg_namespace n ON n.oid = c.relnamespace
            WHERE c.relkind IN ('r', 'v')
                AND n.nspname NOT IN ('pg_catalog', 'pg_toast')
                AND pg_catalog.pg_table_is_visible(c.oid); args=None
(0.209) SELECT "django_migrations"."app", "django_migrations"."name" FROM "django_migrations"; args=()
(0.213) SELECT "django_session"."session_key", "django_session"."session_data", "django_session"."expire_date" FROM "django_session" WHERE ("django_session"."expire_date" > '2018-07-06T07:44:50.846572+00:00'::timestamptz AND "django_session"."session_key" = 'hxibh31i6ju4c2cqalso7o2ugenrmstu'); args=(datetime.datetime(2018, 7, 6, 7, 44, 50, 846572, tzinfo=<UTC>), 'hxibh31i6ju4c2cqalso7o2ugenrmstu')
(0.212) SELECT "auth_user"."id", "auth_user"."password", "auth_user"."last_login", "auth_user"."is_superuser", "auth_user"."username", "auth_user"."first_name", "auth_user"."last_name", "auth_user"."email", "auth_user"."is_staff", "auth_user"."is_active", "auth_user"."date_joined" FROM "auth_user" WHERE "auth_user"."id" = 1; args=(1,)
(0.212) SELECT "characteristic_type"."id", "characteristic_type"."name", "characteristic_type"."createdate", "characteristic_type"."lastmodified" FROM "characteristic_type" ORDER BY "characteristic_type"."name" ASC; args=()
(0.212) SELECT COUNT(*) AS "__count" FROM "characteristic"; args=()
(0.214) SELECT "characteristic"."id", "characteristic"."name", "characteristic"."type_id", "characteristic"."alternates", "characteristic"."additional_info", "characteristic"."createdate", "characteristic"."lastmodified" FROM "characteristic" ORDER BY "characteristic"."name" ASC, "characteristic"."id" DESC LIMIT 50 OFFSET 350; args=()
(0.211) SELECT "characteristic_type"."id", "characteristic_type"."name", "characteristic_type"."createdate", "characteristic_type"."lastmodified" FROM "characteristic_type" WHERE "characteristic_type"."id" = 15; args=(15,)
(0.211) SELECT "characteristic_type"."id", "characteristic_type"."name", "characteristic_type"."createdate", "characteristic_type"."lastmodified" FROM "characteristic_type" WHERE "characteristic_type"."id" = 13; args=(13,)
(0.212) SELECT "characteristic_type"."id", "characteristic_type"."name", "characteristic_type"."createdate", "characteristic_type"."lastmodified" FROM "characteristic_type" WHERE "characteristic_type"."id" = 18; args=(18,)
(0.211) SELECT "characteristic_type"."id", "characteristic_type"."name", "characteristic_type"."createdate", "characteristic_type"."lastmodified" FROM "characteristic_type" WHERE "characteristic_type"."id" = 10; args=(10,)
(0.212) SELECT "characteristic_type"."id", "characteristic_type"."name", "characteristic_type"."createdate", "characteristic_type"."lastmodified" FROM "characteristic_type" WHERE "characteristic_type"."id" = 9; args=(9,)
(0.211) SELECT "characteristic_type"."id", "characteristic_type"."name", "characteristic_type"."createdate", "characteristic_type"."lastmodified" FROM "characteristic_type" WHERE "characteristic_type"."id" = 17; args=(17,)
(0.212) SELECT "characteristic_type"."id", "characteristic_type"."name", "characteristic_type"."createdate", "characteristic_type"."lastmodified" FROM "characteristic_type" WHERE "characteristic_type"."id" = 7; args=(7,)
(0.212) SELECT "characteristic_type"."id", "characteristic_type"."name", "characteristic_type"."createdate", "characteristic_type"."lastmodified" FROM "characteristic_type" WHERE "characteristic_type"."id" = 16; args=(16,)
(0.212) SELECT "characteristic_type"."id", "characteristic_type"."name", "characteristic_type"."createdate", "characteristic_type"."lastmodified" FROM "characteristic_type" WHERE "characteristic_type"."id" = 2; args=(2,)
(0.211) SELECT "characteristic_type"."id", "characteristic_type"."name", "characteristic_type"."createdate", "characteristic_type"."lastmodified" FROM "characteristic_type" WHERE "characteristic_type"."id" = 8; args=(8,)
(0.211) SELECT "characteristic_type"."id", "characteristic_type"."name", "characteristic_type"."createdate", "characteristic_type"."lastmodified" FROM "characteristic_type" WHERE "characteristic_type"."id" = 14; args=(14,)
(0.211) SELECT "characteristic_type"."id", "characteristic_type"."name", "characteristic_type"."createdate", "characteristic_type"."lastmodified" FROM "characteristic_type" WHERE "characteristic_type"."id" = 22; args=(22,)
(0.212) SELECT "characteristic_type"."id", "characteristic_type"."name", "characteristic_type"."createdate", "characteristic_type"."lastmodified" FROM "characteristic_type" WHERE "characteristic_type"."id" = 3; args=(3,)
(0.211) SELECT "characteristic_type"."id", "characteristic_type"."name", "characteristic_type"."createdate", "characteristic_type"."lastmodified" FROM "characteristic_type" WHERE "characteristic_type"."id" = 6; args=(6,)
(0.212) SELECT "characteristic_type"."id", "characteristic_type"."name", "characteristic_type"."createdate", "characteristic_type"."lastmodified" FROM "characteristic_type" WHERE "characteristic_type"."id" = 20; args=(20,)
(0.211) SELECT "characteristic_type"."id", "characteristic_type"."name", "characteristic_type"."createdate", "characteristic_type"."lastmodified" FROM "characteristic_type" WHERE "characteristic_type"."id" = 4; args=(4,)
(0.239) 
            SELECT c.relname, c.relkind
            FROM pg_catalog.pg_class c
            LEFT JOIN pg_catalog.pg_namespace n ON n.oid = c.relnamespace
            WHERE c.relkind IN ('r', 'v')
                AND n.nspname NOT IN ('pg_catalog', 'pg_toast')
                AND pg_catalog.pg_table_is_visible(c.oid); args=None
(0.237) SELECT "django_migrations"."app", "django_migrations"."name" FROM "django_migrations"; args=()
(0.237) SELECT "django_session"."session_key", "django_session"."session_data", "django_session"."expire_date" FROM "django_session" WHERE ("django_session"."expire_date" > '2018-07-06T07:46:14.029756+00:00'::timestamptz AND "django_session"."session_key" = 'hxibh31i6ju4c2cqalso7o2ugenrmstu'); args=(datetime.datetime(2018, 7, 6, 7, 46, 14, 29756, tzinfo=<UTC>), 'hxibh31i6ju4c2cqalso7o2ugenrmstu')
(0.236) SELECT "auth_user"."id", "auth_user"."password", "auth_user"."last_login", "auth_user"."is_superuser", "auth_user"."username", "auth_user"."first_name", "auth_user"."last_name", "auth_user"."email", "auth_user"."is_staff", "auth_user"."is_active", "auth_user"."date_joined" FROM "auth_user" WHERE "auth_user"."id" = 1; args=(1,)
(0.236) SELECT "characteristic_type"."id", "characteristic_type"."name", "characteristic_type"."createdate", "characteristic_type"."lastmodified" FROM "characteristic_type" ORDER BY "characteristic_type"."name" ASC; args=()
(0.708) SELECT COUNT(*) AS "__count" FROM "characteristic"; args=()
(0.239) SELECT "characteristic"."id", "characteristic"."name", "characteristic"."type_id", "characteristic"."alternates", "characteristic"."additional_info", "characteristic"."createdate", "characteristic"."lastmodified" FROM "characteristic" ORDER BY "characteristic"."name" ASC, "characteristic"."id" DESC LIMIT 50 OFFSET 350; args=()
(0.235) SELECT "characteristic_type"."id", "characteristic_type"."name", "characteristic_type"."createdate", "characteristic_type"."lastmodified" FROM "characteristic_type" WHERE "characteristic_type"."id" = 15; args=(15,)
(0.235) SELECT "characteristic_type"."id", "characteristic_type"."name", "characteristic_type"."createdate", "characteristic_type"."lastmodified" FROM "characteristic_type" WHERE "characteristic_type"."id" = 13; args=(13,)
(0.235) SELECT "characteristic_type"."id", "characteristic_type"."name", "characteristic_type"."createdate", "characteristic_type"."lastmodified" FROM "characteristic_type" WHERE "characteristic_type"."id" = 18; args=(18,)
(0.235) SELECT "characteristic_type"."id", "characteristic_type"."name", "characteristic_type"."createdate", "characteristic_type"."lastmodified" FROM "characteristic_type" WHERE "characteristic_type"."id" = 10; args=(10,)
(0.235) SELECT "characteristic_type"."id", "characteristic_type"."name", "characteristic_type"."createdate", "characteristic_type"."lastmodified" FROM "characteristic_type" WHERE "characteristic_type"."id" = 9; args=(9,)
(0.235) SELECT "characteristic_type"."id", "characteristic_type"."name", "characteristic_type"."createdate", "characteristic_type"."lastmodified" FROM "characteristic_type" WHERE "characteristic_type"."id" = 17; args=(17,)
(0.235) SELECT "characteristic_type"."id", "characteristic_type"."name", "characteristic_type"."createdate", "characteristic_type"."lastmodified" FROM "characteristic_type" WHERE "characteristic_type"."id" = 7; args=(7,)
(0.235) SELECT "characteristic_type"."id", "characteristic_type"."name", "characteristic_type"."createdate", "characteristic_type"."lastmodified" FROM "characteristic_type" WHERE "characteristic_type"."id" = 16; args=(16,)
(0.236) SELECT "characteristic_type"."id", "characteristic_type"."name", "characteristic_type"."createdate", "characteristic_type"."lastmodified" FROM "characteristic_type" WHERE "characteristic_type"."id" = 2; args=(2,)
(0.677) SELECT "characteristic_type"."id", "characteristic_type"."name", "characteristic_type"."createdate", "characteristic_type"."lastmodified" FROM "characteristic_type" WHERE "characteristic_type"."id" = 8; args=(8,)
(0.676) SELECT "characteristic_type"."id", "characteristic_type"."name", "characteristic_type"."createdate", "characteristic_type"."lastmodified" FROM "characteristic_type" WHERE "characteristic_type"."id" = 14; args=(14,)
(0.235) SELECT "characteristic_type"."id", "characteristic_type"."name", "characteristic_type"."createdate", "characteristic_type"."lastmodified" FROM "characteristic_type" WHERE "characteristic_type"."id" = 22; args=(22,)
(0.235) SELECT "characteristic_type"."id", "characteristic_type"."name", "characteristic_type"."createdate", "characteristic_type"."lastmodified" FROM "characteristic_type" WHERE "characteristic_type"."id" = 3; args=(3,)
(0.235) SELECT "characteristic_type"."id", "characteristic_type"."name", "characteristic_type"."createdate", "characteristic_type"."lastmodified" FROM "characteristic_type" WHERE "characteristic_type"."id" = 6; args=(6,)
(0.236) SELECT "characteristic_type"."id", "characteristic_type"."name", "characteristic_type"."createdate", "characteristic_type"."lastmodified" FROM "characteristic_type" WHERE "characteristic_type"."id" = 20; args=(20,)
(0.235) SELECT "characteristic_type"."id", "characteristic_type"."name", "characteristic_type"."createdate", "characteristic_type"."lastmodified" FROM "characteristic_type" WHERE "characteristic_type"."id" = 4; args=(4,)
(0.247) 
            SELECT c.relname, c.relkind
            FROM pg_catalog.pg_class c
            LEFT JOIN pg_catalog.pg_namespace n ON n.oid = c.relnamespace
            WHERE c.relkind IN ('r', 'v')
                AND n.nspname NOT IN ('pg_catalog', 'pg_toast')
                AND pg_catalog.pg_table_is_visible(c.oid); args=None
(0.244) SELECT "django_migrations"."app", "django_migrations"."name" FROM "django_migrations"; args=()
(0.244) SELECT "django_session"."session_key", "django_session"."session_data", "django_session"."expire_date" FROM "django_session" WHERE ("django_session"."expire_date" > '2018-07-06T07:47:14.286372+00:00'::timestamptz AND "django_session"."session_key" = 'hxibh31i6ju4c2cqalso7o2ugenrmstu'); args=(datetime.datetime(2018, 7, 6, 7, 47, 14, 286372, tzinfo=<UTC>), 'hxibh31i6ju4c2cqalso7o2ugenrmstu')
(0.243) SELECT "auth_user"."id", "auth_user"."password", "auth_user"."last_login", "auth_user"."is_superuser", "auth_user"."username", "auth_user"."first_name", "auth_user"."last_name", "auth_user"."email", "auth_user"."is_staff", "auth_user"."is_active", "auth_user"."date_joined" FROM "auth_user" WHERE "auth_user"."id" = 1; args=(1,)
(0.243) SELECT "characteristic_type"."id", "characteristic_type"."name", "characteristic_type"."createdate", "characteristic_type"."lastmodified" FROM "characteristic_type" ORDER BY "characteristic_type"."name" ASC; args=()
(0.243) SELECT COUNT(*) AS "__count" FROM "characteristic"; args=()
(0.245) SELECT "characteristic"."id", "characteristic"."name", "characteristic"."type_id", "characteristic"."alternates", "characteristic"."additional_info", "characteristic"."createdate", "characteristic"."lastmodified" FROM "characteristic" ORDER BY "characteristic"."name" ASC, "characteristic"."id" DESC LIMIT 50 OFFSET 350; args=()
(0.242) SELECT "characteristic_type"."id", "characteristic_type"."name", "characteristic_type"."createdate", "characteristic_type"."lastmodified" FROM "characteristic_type" WHERE "characteristic_type"."id" = 15; args=(15,)
(0.242) SELECT "characteristic_type"."id", "characteristic_type"."name", "characteristic_type"."createdate", "characteristic_type"."lastmodified" FROM "characteristic_type" WHERE "characteristic_type"."id" = 13; args=(13,)
(0.242) SELECT "characteristic_type"."id", "characteristic_type"."name", "characteristic_type"."createdate", "characteristic_type"."lastmodified" FROM "characteristic_type" WHERE "characteristic_type"."id" = 18; args=(18,)
(0.242) SELECT "characteristic_type"."id", "characteristic_type"."name", "characteristic_type"."createdate", "characteristic_type"."lastmodified" FROM "characteristic_type" WHERE "characteristic_type"."id" = 10; args=(10,)
(0.242) SELECT "characteristic_type"."id", "characteristic_type"."name", "characteristic_type"."createdate", "characteristic_type"."lastmodified" FROM "characteristic_type" WHERE "characteristic_type"."id" = 9; args=(9,)
(0.242) SELECT "characteristic_type"."id", "characteristic_type"."name", "characteristic_type"."createdate", "characteristic_type"."lastmodified" FROM "characteristic_type" WHERE "characteristic_type"."id" = 17; args=(17,)
(0.242) SELECT "characteristic_type"."id", "characteristic_type"."name", "characteristic_type"."createdate", "characteristic_type"."lastmodified" FROM "characteristic_type" WHERE "characteristic_type"."id" = 7; args=(7,)
(0.242) SELECT "characteristic_type"."id", "characteristic_type"."name", "characteristic_type"."createdate", "characteristic_type"."lastmodified" FROM "characteristic_type" WHERE "characteristic_type"."id" = 16; args=(16,)
(0.243) SELECT "characteristic_type"."id", "characteristic_type"."name", "characteristic_type"."createdate", "characteristic_type"."lastmodified" FROM "characteristic_type" WHERE "characteristic_type"."id" = 2; args=(2,)
(0.242) SELECT "characteristic_type"."id", "characteristic_type"."name", "characteristic_type"."createdate", "characteristic_type"."lastmodified" FROM "characteristic_type" WHERE "characteristic_type"."id" = 8; args=(8,)
(0.242) SELECT "characteristic_type"."id", "characteristic_type"."name", "characteristic_type"."createdate", "characteristic_type"."lastmodified" FROM "characteristic_type" WHERE "characteristic_type"."id" = 14; args=(14,)
(0.242) SELECT "characteristic_type"."id", "characteristic_type"."name", "characteristic_type"."createdate", "characteristic_type"."lastmodified" FROM "characteristic_type" WHERE "characteristic_type"."id" = 22; args=(22,)
(0.242) SELECT "characteristic_type"."id", "characteristic_type"."name", "characteristic_type"."createdate", "characteristic_type"."lastmodified" FROM "characteristic_type" WHERE "characteristic_type"."id" = 3; args=(3,)
(0.242) SELECT "characteristic_type"."id", "characteristic_type"."name", "characteristic_type"."createdate", "characteristic_type"."lastmodified" FROM "characteristic_type" WHERE "characteristic_type"."id" = 6; args=(6,)
(0.242) SELECT "characteristic_type"."id", "characteristic_type"."name", "characteristic_type"."createdate", "characteristic_type"."lastmodified" FROM "characteristic_type" WHERE "characteristic_type"."id" = 20; args=(20,)
(0.242) SELECT "characteristic_type"."id", "characteristic_type"."name", "characteristic_type"."createdate", "characteristic_type"."lastmodified" FROM "characteristic_type" WHERE "characteristic_type"."id" = 4; args=(4,)
(0.234) 
            SELECT c.relname, c.relkind
            FROM pg_catalog.pg_class c
            LEFT JOIN pg_catalog.pg_namespace n ON n.oid = c.relnamespace
            WHERE c.relkind IN ('r', 'v')
                AND n.nspname NOT IN ('pg_catalog', 'pg_toast')
                AND pg_catalog.pg_table_is_visible(c.oid); args=None
(0.233) SELECT "django_migrations"."app", "django_migrations"."name" FROM "django_migrations"; args=()
(0.235) SELECT "django_session"."session_key", "django_session"."session_data", "django_session"."expire_date" FROM "django_session" WHERE ("django_session"."expire_date" > '2018-07-06T07:47:53.689566+00:00'::timestamptz AND "django_session"."session_key" = 'hxibh31i6ju4c2cqalso7o2ugenrmstu'); args=(datetime.datetime(2018, 7, 6, 7, 47, 53, 689566, tzinfo=<UTC>), 'hxibh31i6ju4c2cqalso7o2ugenrmstu')
(0.234) SELECT "auth_user"."id", "auth_user"."password", "auth_user"."last_login", "auth_user"."is_superuser", "auth_user"."username", "auth_user"."first_name", "auth_user"."last_name", "auth_user"."email", "auth_user"."is_staff", "auth_user"."is_active", "auth_user"."date_joined" FROM "auth_user" WHERE "auth_user"."id" = 1; args=(1,)
(0.234) SELECT "characteristic_type"."id", "characteristic_type"."name", "characteristic_type"."createdate", "characteristic_type"."lastmodified" FROM "characteristic_type" ORDER BY "characteristic_type"."name" ASC; args=()
(0.234) SELECT COUNT(*) AS "__count" FROM "characteristic"; args=()
(0.236) SELECT "characteristic"."id", "characteristic"."name", "characteristic"."type_id", "characteristic"."alternates", "characteristic"."additional_info", "characteristic"."createdate", "characteristic"."lastmodified" FROM "characteristic" ORDER BY "characteristic"."name" ASC, "characteristic"."id" DESC LIMIT 50 OFFSET 350; args=()
(0.233) SELECT "characteristic_type"."id", "characteristic_type"."name", "characteristic_type"."createdate", "characteristic_type"."lastmodified" FROM "characteristic_type" WHERE "characteristic_type"."id" = 15; args=(15,)
(0.233) SELECT "characteristic_type"."id", "characteristic_type"."name", "characteristic_type"."createdate", "characteristic_type"."lastmodified" FROM "characteristic_type" WHERE "characteristic_type"."id" = 13; args=(13,)
(0.234) SELECT "characteristic_type"."id", "characteristic_type"."name", "characteristic_type"."createdate", "characteristic_type"."lastmodified" FROM "characteristic_type" WHERE "characteristic_type"."id" = 18; args=(18,)
(0.233) SELECT "characteristic_type"."id", "characteristic_type"."name", "characteristic_type"."createdate", "characteristic_type"."lastmodified" FROM "characteristic_type" WHERE "characteristic_type"."id" = 10; args=(10,)
(0.233) SELECT "characteristic_type"."id", "characteristic_type"."name", "characteristic_type"."createdate", "characteristic_type"."lastmodified" FROM "characteristic_type" WHERE "characteristic_type"."id" = 9; args=(9,)
(0.234) SELECT "characteristic_type"."id", "characteristic_type"."name", "characteristic_type"."createdate", "characteristic_type"."lastmodified" FROM "characteristic_type" WHERE "characteristic_type"."id" = 17; args=(17,)
(0.233) SELECT "characteristic_type"."id", "characteristic_type"."name", "characteristic_type"."createdate", "characteristic_type"."lastmodified" FROM "characteristic_type" WHERE "characteristic_type"."id" = 7; args=(7,)
(0.233) SELECT "characteristic_type"."id", "characteristic_type"."name", "characteristic_type"."createdate", "characteristic_type"."lastmodified" FROM "characteristic_type" WHERE "characteristic_type"."id" = 16; args=(16,)
(0.233) SELECT "characteristic_type"."id", "characteristic_type"."name", "characteristic_type"."createdate", "characteristic_type"."lastmodified" FROM "characteristic_type" WHERE "characteristic_type"."id" = 2; args=(2,)
(0.233) SELECT "characteristic_type"."id", "characteristic_type"."name", "characteristic_type"."createdate", "characteristic_type"."lastmodified" FROM "characteristic_type" WHERE "characteristic_type"."id" = 8; args=(8,)
(0.234) SELECT "characteristic_type"."id", "characteristic_type"."name", "characteristic_type"."createdate", "characteristic_type"."lastmodified" FROM "characteristic_type" WHERE "characteristic_type"."id" = 14; args=(14,)
(0.233) SELECT "characteristic_type"."id", "characteristic_type"."name", "characteristic_type"."createdate", "characteristic_type"."lastmodified" FROM "characteristic_type" WHERE "characteristic_type"."id" = 22; args=(22,)
(0.233) SELECT "characteristic_type"."id", "characteristic_type"."name", "characteristic_type"."createdate", "characteristic_type"."lastmodified" FROM "characteristic_type" WHERE "characteristic_type"."id" = 3; args=(3,)
(0.233) SELECT "characteristic_type"."id", "characteristic_type"."name", "characteristic_type"."createdate", "characteristic_type"."lastmodified" FROM "characteristic_type" WHERE "characteristic_type"."id" = 6; args=(6,)
(0.233) SELECT "characteristic_type"."id", "characteristic_type"."name", "characteristic_type"."createdate", "characteristic_type"."lastmodified" FROM "characteristic_type" WHERE "characteristic_type"."id" = 20; args=(20,)
(0.233) SELECT "characteristic_type"."id", "characteristic_type"."name", "characteristic_type"."createdate", "characteristic_type"."lastmodified" FROM "characteristic_type" WHERE "characteristic_type"."id" = 4; args=(4,)
(0.212) 
            SELECT c.relname, c.relkind
            FROM pg_catalog.pg_class c
            LEFT JOIN pg_catalog.pg_namespace n ON n.oid = c.relnamespace
            WHERE c.relkind IN ('r', 'v')
                AND n.nspname NOT IN ('pg_catalog', 'pg_toast')
                AND pg_catalog.pg_table_is_visible(c.oid); args=None
(0.210) SELECT "django_migrations"."app", "django_migrations"."name" FROM "django_migrations"; args=()
(0.214) 
            SELECT c.relname, c.relkind
            FROM pg_catalog.pg_class c
            LEFT JOIN pg_catalog.pg_namespace n ON n.oid = c.relnamespace
            WHERE c.relkind IN ('r', 'v')
                AND n.nspname NOT IN ('pg_catalog', 'pg_toast')
                AND pg_catalog.pg_table_is_visible(c.oid); args=None
(0.211) SELECT "django_migrations"."app", "django_migrations"."name" FROM "django_migrations"; args=()
(0.216) SELECT "django_session"."session_key", "django_session"."session_data", "django_session"."expire_date" FROM "django_session" WHERE ("django_session"."expire_date" > '2018-07-06T07:53:53.390446+00:00'::timestamptz AND "django_session"."session_key" = 'hxibh31i6ju4c2cqalso7o2ugenrmstu'); args=(datetime.datetime(2018, 7, 6, 7, 53, 53, 390446, tzinfo=<UTC>), 'hxibh31i6ju4c2cqalso7o2ugenrmstu')
(0.219) SELECT "auth_user"."id", "auth_user"."password", "auth_user"."last_login", "auth_user"."is_superuser", "auth_user"."username", "auth_user"."first_name", "auth_user"."last_name", "auth_user"."email", "auth_user"."is_staff", "auth_user"."is_active", "auth_user"."date_joined" FROM "auth_user" WHERE "auth_user"."id" = 1; args=(1,)
(0.215) SELECT "characteristic_type"."id", "characteristic_type"."name", "characteristic_type"."createdate", "characteristic_type"."lastmodified" FROM "characteristic_type" ORDER BY "characteristic_type"."name" ASC; args=()
(0.212) SELECT COUNT(*) AS "__count" FROM "characteristic"; args=()
(0.214) SELECT "characteristic"."id", "characteristic"."name", "characteristic"."type_id", "characteristic"."alternates", "characteristic"."additional_info", "characteristic"."createdate", "characteristic"."lastmodified" FROM "characteristic" ORDER BY "characteristic"."name" ASC, "characteristic"."id" DESC LIMIT 50 OFFSET 350; args=()
(0.211) SELECT "characteristic_type"."id", "characteristic_type"."name", "characteristic_type"."createdate", "characteristic_type"."lastmodified" FROM "characteristic_type" WHERE "characteristic_type"."id" = 15; args=(15,)
(0.218) SELECT "characteristic_type"."id", "characteristic_type"."name", "characteristic_type"."createdate", "characteristic_type"."lastmodified" FROM "characteristic_type" WHERE "characteristic_type"."id" = 13; args=(13,)
(0.218) SELECT "characteristic_type"."id", "characteristic_type"."name", "characteristic_type"."createdate", "characteristic_type"."lastmodified" FROM "characteristic_type" WHERE "characteristic_type"."id" = 18; args=(18,)
(0.214) SELECT "characteristic_type"."id", "characteristic_type"."name", "characteristic_type"."createdate", "characteristic_type"."lastmodified" FROM "characteristic_type" WHERE "characteristic_type"."id" = 10; args=(10,)
(0.216) SELECT "characteristic_type"."id", "characteristic_type"."name", "characteristic_type"."createdate", "characteristic_type"."lastmodified" FROM "characteristic_type" WHERE "characteristic_type"."id" = 9; args=(9,)
(0.211) SELECT "characteristic_type"."id", "characteristic_type"."name", "characteristic_type"."createdate", "characteristic_type"."lastmodified" FROM "characteristic_type" WHERE "characteristic_type"."id" = 17; args=(17,)
(0.212) SELECT "characteristic_type"."id", "characteristic_type"."name", "characteristic_type"."createdate", "characteristic_type"."lastmodified" FROM "characteristic_type" WHERE "characteristic_type"."id" = 7; args=(7,)
(0.211) SELECT "characteristic_type"."id", "characteristic_type"."name", "characteristic_type"."createdate", "characteristic_type"."lastmodified" FROM "characteristic_type" WHERE "characteristic_type"."id" = 16; args=(16,)
(0.213) SELECT "characteristic_type"."id", "characteristic_type"."name", "characteristic_type"."createdate", "characteristic_type"."lastmodified" FROM "characteristic_type" WHERE "characteristic_type"."id" = 2; args=(2,)
(0.214) SELECT "characteristic_type"."id", "characteristic_type"."name", "characteristic_type"."createdate", "characteristic_type"."lastmodified" FROM "characteristic_type" WHERE "characteristic_type"."id" = 8; args=(8,)
(0.217) SELECT "characteristic_type"."id", "characteristic_type"."name", "characteristic_type"."createdate", "characteristic_type"."lastmodified" FROM "characteristic_type" WHERE "characteristic_type"."id" = 14; args=(14,)
(0.212) SELECT "characteristic_type"."id", "characteristic_type"."name", "characteristic_type"."createdate", "characteristic_type"."lastmodified" FROM "characteristic_type" WHERE "characteristic_type"."id" = 22; args=(22,)
(0.213) SELECT "characteristic_type"."id", "characteristic_type"."name", "characteristic_type"."createdate", "characteristic_type"."lastmodified" FROM "characteristic_type" WHERE "characteristic_type"."id" = 3; args=(3,)
(0.215) SELECT "characteristic_type"."id", "characteristic_type"."name", "characteristic_type"."createdate", "characteristic_type"."lastmodified" FROM "characteristic_type" WHERE "characteristic_type"."id" = 6; args=(6,)
(0.212) SELECT "characteristic_type"."id", "characteristic_type"."name", "characteristic_type"."createdate", "characteristic_type"."lastmodified" FROM "characteristic_type" WHERE "characteristic_type"."id" = 20; args=(20,)
(0.216) SELECT "characteristic_type"."id", "characteristic_type"."name", "characteristic_type"."createdate", "characteristic_type"."lastmodified" FROM "characteristic_type" WHERE "characteristic_type"."id" = 4; args=(4,)
(0.211) SELECT "django_session"."session_key", "django_session"."session_data", "django_session"."expire_date" FROM "django_session" WHERE ("django_session"."expire_date" > '2018-07-06T07:54:00.547316+00:00'::timestamptz AND "django_session"."session_key" = 'hxibh31i6ju4c2cqalso7o2ugenrmstu'); args=(datetime.datetime(2018, 7, 6, 7, 54, 0, 547316, tzinfo=<UTC>), 'hxibh31i6ju4c2cqalso7o2ugenrmstu')
